[2022-05-10 T 16:03:11.011 Z] [org.springframework.boot.StartupInfoLogger] [main] [55] [INFO ] -  Starting SensorApplication using Java 11.0.15 on kslp01 with PID 110656 (/home/pranav/nbot-server-local/sensor/target/classes started by root in /home/pranav/nbot-server-local/sensor)
[2022-05-10 T 16:03:11.011 Z] [org.springframework.boot.SpringApplication] [main] [640] [INFO ] -  No active profile set, falling back to 1 default profile: "default"
[2022-05-10 T 16:03:11.011 Z] [org.springframework.data.repository.config.RepositoryConfigurationDelegate] [main] [132] [INFO ] -  Bootstrapping Spring Data MongoDB repositories in DEFAULT mode.
[2022-05-10 T 16:03:11.011 Z] [org.springframework.data.repository.config.RepositoryConfigurationDelegate] [main] [201] [INFO ] -  Finished Spring Data repository scanning in 27 ms. Found 1 MongoDB repository interfaces.
[2022-05-10 T 16:03:12.012 Z] [org.springframework.boot.web.embedded.tomcat.TomcatWebServer] [main] [108] [INFO ] -  Tomcat initialized with port(s): 8083 (http)
[2022-05-10 T 16:03:12.012 Z] [org.apache.juli.logging.DirectJDKLog] [main] [173] [INFO ] -  An older version [1.2.23] of the Apache Tomcat Native library is installed, while Tomcat recommends a minimum version of [1.2.30]
[2022-05-10 T 16:03:12.012 Z] [org.apache.juli.logging.DirectJDKLog] [main] [173] [INFO ] -  Loaded Apache Tomcat Native library [1.2.23] using APR version [1.6.5].
[2022-05-10 T 16:03:12.012 Z] [org.apache.juli.logging.DirectJDKLog] [main] [173] [INFO ] -  APR capabilities: IPv6 [true], sendfile [true], accept filters [false], random [true], UDS [false].
[2022-05-10 T 16:03:12.012 Z] [org.apache.juli.logging.DirectJDKLog] [main] [173] [INFO ] -  APR/OpenSSL configuration: useAprConnector [false], useOpenSSL [true]
[2022-05-10 T 16:03:12.012 Z] [org.apache.juli.logging.DirectJDKLog] [main] [173] [INFO ] -  OpenSSL successfully initialized [OpenSSL 1.1.1f  31 Mar 2020]
[2022-05-10 T 16:03:12.012 Z] [org.apache.juli.logging.DirectJDKLog] [main] [173] [INFO ] -  Initializing ProtocolHandler ["http-nio-8083"]
[2022-05-10 T 16:03:12.012 Z] [org.apache.juli.logging.DirectJDKLog] [main] [173] [INFO ] -  Starting service [Tomcat]
[2022-05-10 T 16:03:12.012 Z] [org.apache.juli.logging.DirectJDKLog] [main] [173] [INFO ] -  Starting Servlet engine: [Apache Tomcat/9.0.58]
[2022-05-10 T 16:03:12.012 Z] [org.apache.juli.logging.DirectJDKLog] [main] [173] [INFO ] -  Initializing Spring embedded WebApplicationContext
[2022-05-10 T 16:03:12.012 Z] [org.springframework.boot.web.servlet.context.ServletWebServerApplicationContext] [main] [290] [INFO ] -  Root WebApplicationContext: initialization completed in 744 ms
[2022-05-10 T 16:03:12.012 Z] [com.mongodb.diagnostics.logging.SLF4JLogger] [main] [71] [INFO ] -  Cluster created with settings {hosts=[localhost:27017], mode=SINGLE, requiredClusterType=UNKNOWN, serverSelectionTimeout='30000 ms'}
[2022-05-10 T 16:03:12.012 Z] [com.mongodb.diagnostics.logging.SLF4JLogger] [cluster-rtt-ClusterId{value='627a3f683eb28e6b6f93c8ca', description='null'}-localhost:27017] [71] [INFO ] -  Opened connection [connectionId{localValue:2, serverValue:56}] to localhost:27017
[2022-05-10 T 16:03:12.012 Z] [com.mongodb.diagnostics.logging.SLF4JLogger] [cluster-ClusterId{value='627a3f683eb28e6b6f93c8ca', description='null'}-localhost:27017] [71] [INFO ] -  Opened connection [connectionId{localValue:1, serverValue:55}] to localhost:27017
[2022-05-10 T 16:03:12.012 Z] [com.mongodb.diagnostics.logging.SLF4JLogger] [cluster-ClusterId{value='627a3f683eb28e6b6f93c8ca', description='null'}-localhost:27017] [71] [INFO ] -  Monitor thread successfully connected to server with description ServerDescription{address=localhost:27017, type=STANDALONE, state=CONNECTED, ok=true, minWireVersion=0, maxWireVersion=13, maxDocumentSize=16777216, logicalSessionTimeoutMinutes=30, roundTripTimeNanos=14334693}
[2022-05-10 T 16:03:12.012 Z] [org.apache.juli.logging.DirectJDKLog] [main] [173] [INFO ] -  Starting ProtocolHandler ["http-nio-8083"]
[2022-05-10 T 16:03:12.012 Z] [org.springframework.boot.web.embedded.tomcat.TomcatWebServer] [main] [220] [INFO ] -  Tomcat started on port(s): 8083 (http) with context path ''
[2022-05-10 T 16:03:12.012 Z] [org.springframework.boot.StartupInfoLogger] [main] [61] [INFO ] -  Started SensorApplication in 1.558 seconds (JVM running for 1.904)
