[2022-05-12 T 11:38:00.000 Z] [org.springframework.data.repository.config.RepositoryConfigurationDelegate] [main] [132] [INFO ] -  Bootstrapping Spring Data MongoDB repositories in DEFAULT mode.
[2022-05-12 T 11:38:00.000 Z] [org.springframework.data.repository.config.RepositoryConfigurationDelegate] [main] [201] [INFO ] -  Finished Spring Data repository scanning in 64 ms. Found 1 MongoDB repository interfaces.
[2022-05-12 T 11:38:01.001 Z] [com.mongodb.diagnostics.logging.SLF4JLogger] [main] [71] [INFO ] -  Cluster created with settings {hosts=[localhost:27017], mode=SINGLE, requiredClusterType=UNKNOWN, serverSelectionTimeout='30000 ms'}
[2022-05-12 T 11:38:01.001 Z] [com.mongodb.diagnostics.logging.SLF4JLogger] [cluster-rtt-ClusterId{value='627ca441f5fba95c338ddab9', description='null'}-localhost:27017] [71] [INFO ] -  Opened connection [connectionId{localValue:1, serverValue:88}] to localhost:27017
[2022-05-12 T 11:38:01.001 Z] [com.mongodb.diagnostics.logging.SLF4JLogger] [cluster-ClusterId{value='627ca441f5fba95c338ddab9', description='null'}-localhost:27017] [71] [INFO ] -  Opened connection [connectionId{localValue:2, serverValue:87}] to localhost:27017
[2022-05-12 T 11:38:01.001 Z] [com.mongodb.diagnostics.logging.SLF4JLogger] [cluster-ClusterId{value='627ca441f5fba95c338ddab9', description='null'}-localhost:27017] [71] [INFO ] -  Monitor thread successfully connected to server with description ServerDescription{address=localhost:27017, type=STANDALONE, state=CONNECTED, ok=true, minWireVersion=0, maxWireVersion=13, maxDocumentSize=16777216, logicalSessionTimeoutMinutes=30, roundTripTimeNanos=32778502}
[2022-05-12 T 11:38:03.003 Z] [org.springframework.boot.StartupInfoLogger] [main] [61] [INFO ] -  Started OrganisationApplicationTests in 5.861 seconds (JVM running for 8.275)
[2022-05-12 T 11:38:04.004 Z] [org.springframework.test.context.support.AbstractTestContextBootstrapper] [main] [305] [INFO ] -  Neither @ContextConfiguration nor @ContextHierarchy found for test class [com.sensormanagement.organisation.controllerTests.controllerTest], using SpringBootContextLoader
[2022-05-12 T 11:38:04.004 Z] [org.springframework.test.context.support.AbstractContextLoader] [main] [264] [INFO ] -  Could not detect default resource locations for test class [com.sensormanagement.organisation.controllerTests.controllerTest]: no resource found for suffixes {-context.xml, Context.groovy}.
[2022-05-12 T 11:38:04.004 Z] [org.springframework.test.context.support.AnnotationConfigContextLoaderUtils] [main] [83] [INFO ] -  Could not detect default configuration classes for test class [com.sensormanagement.organisation.controllerTests.controllerTest]: controllerTest does not declare any static, non-private, non-final, nested classes annotated with @Configuration.
[2022-05-12 T 11:38:04.004 Z] [org.springframework.boot.test.context.SpringBootTestContextBootstrapper] [main] [238] [INFO ] -  Found @SpringBootConfiguration com.sensormanagement.organisation.OrganisationApplication for test class com.sensormanagement.organisation.controllerTests.controllerTest
[2022-05-12 T 11:38:04.004 Z] [org.springframework.test.context.support.AbstractTestContextBootstrapper] [main] [245] [INFO ] -  Loaded default TestExecutionListener class names from location [META-INF/spring.factories]: [org.springframework.boot.test.mock.mockito.MockitoTestExecutionListener, org.springframework.boot.test.mock.mockito.ResetMocksTestExecutionListener, org.springframework.boot.test.autoconfigure.restdocs.RestDocsTestExecutionListener, org.springframework.boot.test.autoconfigure.web.client.MockRestServiceServerResetTestExecutionListener, org.springframework.boot.test.autoconfigure.web.servlet.MockMvcPrintOnlyOnFailureTestExecutionListener, org.springframework.boot.test.autoconfigure.web.servlet.WebDriverTestExecutionListener, org.springframework.boot.test.autoconfigure.webservices.client.MockWebServiceServerTestExecutionListener, org.springframework.test.context.web.ServletTestExecutionListener, org.springframework.test.context.support.DirtiesContextBeforeModesTestExecutionListener, org.springframework.test.context.event.ApplicationEventsTestExecutionListener, org.springframework.test.context.support.DependencyInjectionTestExecutionListener, org.springframework.test.context.support.DirtiesContextTestExecutionListener, org.springframework.test.context.transaction.TransactionalTestExecutionListener, org.springframework.test.context.jdbc.SqlScriptsTestExecutionListener, org.springframework.test.context.event.EventPublishingTestExecutionListener]
[2022-05-12 T 11:38:04.004 Z] [org.springframework.test.context.support.AbstractTestContextBootstrapper] [main] [174] [INFO ] -  Using TestExecutionListeners: [org.springframework.test.context.web.ServletTestExecutionListener@79308a2, org.springframework.test.context.support.DirtiesContextBeforeModesTestExecutionListener@11574592, org.springframework.test.context.event.ApplicationEventsTestExecutionListener@352e5a82, org.springframework.boot.test.mock.mockito.MockitoTestExecutionListener@315b5913, org.springframework.boot.test.autoconfigure.SpringBootDependencyInjectionTestExecutionListener@2e929182, org.springframework.test.context.support.DirtiesContextTestExecutionListener@5423a17, org.springframework.test.context.transaction.TransactionalTestExecutionListener@42ff9a77, org.springframework.test.context.jdbc.SqlScriptsTestExecutionListener@2987d0fa, org.springframework.test.context.event.EventPublishingTestExecutionListener@13234ac9, org.springframework.boot.test.mock.mockito.ResetMocksTestExecutionListener@7254838, org.springframework.boot.test.autoconfigure.restdocs.RestDocsTestExecutionListener@39374689, org.springframework.boot.test.autoconfigure.web.client.MockRestServiceServerResetTestExecutionListener@2e204155, org.springframework.boot.test.autoconfigure.web.servlet.MockMvcPrintOnlyOnFailureTestExecutionListener@27dc335a, org.springframework.boot.test.autoconfigure.web.servlet.WebDriverTestExecutionListener@a95cb11, org.springframework.boot.test.autoconfigure.webservices.client.MockWebServiceServerTestExecutionListener@915d7c4]
[2022-05-12 T 11:38:04.004 Z] [org.springframework.boot.StartupInfoLogger] [main] [55] [INFO ] -  Starting controllerTest using Java 11.0.15 on kslp01 with PID 10522 (started by root in /home/pranav/nbot-server-local/organisation)
[2022-05-12 T 11:38:04.004 Z] [org.springframework.boot.SpringApplication] [main] [640] [INFO ] -  No active profile set, falling back to 1 default profile: "default"
[2022-05-12 T 11:38:05.005 Z] [org.springframework.data.repository.config.RepositoryConfigurationDelegate] [main] [132] [INFO ] -  Bootstrapping Spring Data MongoDB repositories in DEFAULT mode.
[2022-05-12 T 11:38:05.005 Z] [org.springframework.data.repository.config.RepositoryConfigurationDelegate] [main] [201] [INFO ] -  Finished Spring Data repository scanning in 17 ms. Found 1 MongoDB repository interfaces.
[2022-05-12 T 11:38:06.006 Z] [com.mongodb.diagnostics.logging.SLF4JLogger] [main] [71] [INFO ] -  Cluster created with settings {hosts=[localhost:27017], mode=SINGLE, requiredClusterType=UNKNOWN, serverSelectionTimeout='30000 ms'}
[2022-05-12 T 11:38:06.006 Z] [com.mongodb.diagnostics.logging.SLF4JLogger] [cluster-ClusterId{value='627ca446f5fba95c338ddaba', description='null'}-localhost:27017] [71] [INFO ] -  Opened connection [connectionId{localValue:3, serverValue:89}] to localhost:27017
[2022-05-12 T 11:38:06.006 Z] [com.mongodb.diagnostics.logging.SLF4JLogger] [cluster-ClusterId{value='627ca446f5fba95c338ddaba', description='null'}-localhost:27017] [71] [INFO ] -  Monitor thread successfully connected to server with description ServerDescription{address=localhost:27017, type=STANDALONE, state=CONNECTED, ok=true, minWireVersion=0, maxWireVersion=13, maxDocumentSize=16777216, logicalSessionTimeoutMinutes=30, roundTripTimeNanos=3288966}
[2022-05-12 T 11:38:06.006 Z] [com.mongodb.diagnostics.logging.SLF4JLogger] [cluster-rtt-ClusterId{value='627ca446f5fba95c338ddaba', description='null'}-localhost:27017] [71] [INFO ] -  Opened connection [connectionId{localValue:4, serverValue:90}] to localhost:27017
[2022-05-12 T 11:38:06.006 Z] [org.springframework.mock.web.MockServletContext] [main] [455] [INFO ] -  Initializing Spring TestDispatcherServlet ''
[2022-05-12 T 11:38:06.006 Z] [org.springframework.web.servlet.FrameworkServlet] [main] [525] [INFO ] -  Initializing Servlet ''
[2022-05-12 T 11:38:06.006 Z] [org.springframework.web.servlet.FrameworkServlet] [main] [547] [INFO ] -  Completed initialization in 2 ms
[2022-05-12 T 11:38:06.006 Z] [org.springframework.boot.StartupInfoLogger] [main] [61] [INFO ] -  Started controllerTest in 2.033 seconds (JVM running for 11.058)
[2022-05-12 T 11:38:06.006 Z] [com.sensormanagement.organisation.Services.orgService] [main] [74] [INFO ] -  The Data is Fetched from Repository in the service
[2022-05-12 T 11:38:06.006 Z] [com.sensormanagement.organisation.Services.orgService] [main] [54] [INFO ] -  The Data is Fetched from Repository in the service
[2022-05-12 T 11:38:06.006 Z] [com.sensormanagement.organisation.Controllers.orgController] [main] [185] [INFO ] -  In the  deleteOrganisation Controller of Organization
[2022-05-12 T 11:38:06.006 Z] [com.sensormanagement.organisation.Services.orgService] [main] [74] [INFO ] -  The Data is Fetched from Repository in the service
[2022-05-12 T 11:38:06.006 Z] [com.sensormanagement.organisation.Controllers.orgController] [main] [199] [ERROR] -  The Organisation with these Id is not present
[2022-05-12 T 11:38:07.007 Z] [com.sensormanagement.organisation.Controllers.orgController] [main] [31] [INFO ] -  In the Create Controller of Organization
[2022-05-12 T 11:38:07.007 Z] [com.sensormanagement.organisation.Services.orgService] [main] [74] [INFO ] -  The Data is Fetched from Repository in the service
[2022-05-12 T 11:38:07.007 Z] [com.sensormanagement.organisation.Services.orgService] [main] [94] [INFO ] -  The Data is Fetched from Repository in the service
[2022-05-12 T 11:38:07.007 Z] [com.sensormanagement.organisation.Services.orgService] [main] [23] [INFO ] -  In the Service Method of Organisation Creation
[2022-05-12 T 11:38:07.007 Z] [com.sensormanagement.organisation.Services.orgService] [main] [34] [INFO ] -  The Organisation is Created Successfully
